<?xml version="1.0" encoding="utf-8"?>
<coverage line-rate="0,286" branch-rate="0,38" version="1.9" timestamp="1578745609" lines-covered="489" lines-valid="1711" branches-covered="117" branches-valid="308">
  <sources>
    <source>F:\DESARROLLO\Repos\Splendor\src\Splendor.Domain\</source>
  </sources>
  <packages>
    <package name="Splendor.Domain" line-rate="0,286" branch-rate="0,38" complexity="0">
      <classes>
        <class name="Season" filename="Model\Career\Season.cs" line-rate="0" branch-rate="0" complexity="0">
          <methods>
            <method name="get_Division" signature="()" line-rate="0" branch-rate="0">
              <lines>
                <line number="7" hits="0" branch="False" />
              </lines>
            </method>
            <method name="get_Fecha" signature="()" line-rate="0" branch-rate="0">
              <lines>
                <line number="8" hits="0" branch="False" />
              </lines>
            </method>
            <method name="get_Torneos" signature="()" line-rate="0" branch-rate="0">
              <lines>
                <line number="9" hits="0" branch="False" />
              </lines>
            </method>
            <method name="get_Personas" signature="()" line-rate="0" branch-rate="0">
              <lines>
                <line number="10" hits="0" branch="False" />
              </lines>
            </method>
            <method name="get_Sponsors" signature="()" line-rate="0" branch-rate="0">
              <lines>
                <line number="11" hits="0" branch="False" />
              </lines>
            </method>
            <method name="get_Tienda" signature="()" line-rate="0" branch-rate="0">
              <lines>
                <line number="12" hits="0" branch="False" />
              </lines>
            </method>
          </methods>
          <lines>
            <line number="7" hits="0" branch="False" />
            <line number="8" hits="0" branch="False" />
            <line number="9" hits="0" branch="False" />
            <line number="10" hits="0" branch="False" />
            <line number="11" hits="0" branch="False" />
            <line number="12" hits="0" branch="False" />
          </lines>
        </class>
        <class name="Sponsor" filename="Model\Career\Sponsor.cs" line-rate="0" branch-rate="0" complexity="0">
          <methods>
            <method name="get_Id" signature="()" line-rate="0" branch-rate="0">
              <lines>
                <line number="6" hits="0" branch="False" />
              </lines>
            </method>
            <method name="get_Nombre" signature="()" line-rate="0" branch-rate="0">
              <lines>
                <line number="7" hits="0" branch="False" />
              </lines>
            </method>
            <method name="get_Descripcion" signature="()" line-rate="0" branch-rate="0">
              <lines>
                <line number="8" hits="0" branch="False" />
              </lines>
            </method>
            <method name="get_Nivel" signature="()" line-rate="0" branch-rate="0">
              <lines>
                <line number="9" hits="0" branch="False" />
              </lines>
            </method>
            <method name="get_Regalos" signature="()" line-rate="0" branch-rate="0">
              <lines>
                <line number="10" hits="0" branch="False" />
              </lines>
            </method>
            <method name="get_PrecioVictoria" signature="()" line-rate="0" branch-rate="0">
              <lines>
                <line number="11" hits="0" branch="False" />
              </lines>
            </method>
            <method name="get_PrecioTorneo" signature="()" line-rate="0" branch-rate="0">
              <lines>
                <line number="12" hits="0" branch="False" />
              </lines>
            </method>
            <method name="get_PrecioMedalla" signature="()" line-rate="0" branch-rate="0">
              <lines>
                <line number="13" hits="0" branch="False" />
              </lines>
            </method>
            <method name="get_ValeDescuento" signature="()" line-rate="0" branch-rate="0">
              <lines>
                <line number="14" hits="0" branch="False" />
              </lines>
            </method>
            <method name="ToString" signature="()" line-rate="0" branch-rate="0">
              <lines>
                <line number="30" hits="0" branch="False" />
              </lines>
            </method>
          </methods>
          <lines>
            <line number="6" hits="0" branch="False" />
            <line number="7" hits="0" branch="False" />
            <line number="8" hits="0" branch="False" />
            <line number="9" hits="0" branch="False" />
            <line number="10" hits="0" branch="False" />
            <line number="11" hits="0" branch="False" />
            <line number="12" hits="0" branch="False" />
            <line number="13" hits="0" branch="False" />
            <line number="14" hits="0" branch="False" />
            <line number="30" hits="0" branch="False" />
          </lines>
        </class>
        <class name="System.DisplayAttribute" filename="Display\DisplayAttribute.cs" line-rate="1" branch-rate="0" complexity="0">
          <methods>
            <method name="get_Name" signature="()" line-rate="1" branch-rate="0">
              <lines>
                <line number="8" hits="1" branch="False" />
              </lines>
            </method>
          </methods>
          <lines>
            <line number="8" hits="1" branch="False" />
          </lines>
        </class>
        <class name="System.DisplayAttributeExtensions" filename="Display\DisplayAttributeExtensions.cs" line-rate="1" branch-rate="0,75" complexity="0">
          <methods>
            <method name="DisplayName" signature="(TEnum)" line-rate="1" branch-rate="0,75">
              <lines>
                <line number="8" hits="2" branch="False" />
                <line number="9" hits="2" branch="False" />
                <line number="11" hits="2" branch="False" />
                <line number="12" hits="2" branch="False" />
                <line number="14" hits="2" branch="True" condition-coverage="75% (3/4)">
                  <conditions>
                    <condition number="57" type="jump" coverage="50%" />
                    <condition number="69" type="jump" coverage="100%" />
                  </conditions>
                </line>
                <line number="15" hits="1" branch="False" />
                <line number="16" hits="1" branch="False" />
                <line number="17" hits="2" branch="False" />
              </lines>
            </method>
          </methods>
          <lines>
            <line number="8" hits="2" branch="False" />
            <line number="9" hits="2" branch="False" />
            <line number="11" hits="2" branch="False" />
            <line number="12" hits="2" branch="False" />
            <line number="14" hits="2" branch="True" condition-coverage="75% (3/4)">
              <conditions>
                <condition number="57" type="jump" coverage="50%" />
                <condition number="69" type="jump" coverage="100%" />
              </conditions>
            </line>
            <line number="15" hits="1" branch="False" />
            <line number="16" hits="1" branch="False" />
            <line number="17" hits="2" branch="False" />
          </lines>
        </class>
        <class name="Splendor.Domain.IntExtensions" filename="IntExtensions.cs" line-rate="1" branch-rate="0" complexity="0">
          <methods>
            <method name="IsPlural" signature="(System.Int32)" line-rate="1" branch-rate="0">
              <lines>
                <line number="7" hits="29" branch="False" />
              </lines>
            </method>
          </methods>
          <lines>
            <line number="7" hits="29" branch="False" />
          </lines>
        </class>
        <class name="Splendor.Domain.GameParticipant" filename="Model\Career\GameParticipant.cs" line-rate="0" branch-rate="0" complexity="0">
          <methods>
            <method name="get_Points" signature="()" line-rate="0" branch-rate="0">
              <lines>
                <line number="5" hits="0" branch="False" />
              </lines>
            </method>
            <method name="get_DevelopmentCount" signature="()" line-rate="0" branch-rate="0">
              <lines>
                <line number="6" hits="0" branch="False" />
              </lines>
            </method>
          </methods>
          <lines>
            <line number="5" hits="0" branch="False" />
            <line number="6" hits="0" branch="False" />
          </lines>
        </class>
        <class name="Splendor.Domain.GameSimulation" filename="Model\Career\GameSimulation.cs" line-rate="0" branch-rate="0" complexity="0">
          <methods>
            <method name="Simulate" signature="()" line-rate="0" branch-rate="0">
              <lines>
                <line number="15" hits="0" branch="False" />
                <line number="17" hits="0" branch="False" />
              </lines>
            </method>
          </methods>
          <lines>
            <line number="15" hits="0" branch="False" />
            <line number="17" hits="0" branch="False" />
          </lines>
        </class>
        <class name="Splendor.Domain.Person" filename="Model\Career\Person.cs" line-rate="0" branch-rate="0" complexity="0">
          <methods>
            <method name="get_IsHuman" signature="()" line-rate="0" branch-rate="0">
              <lines>
                <line number="6" hits="0" branch="False" />
              </lines>
            </method>
            <method name="ToString" signature="()" line-rate="0" branch-rate="0">
              <lines>
                <line number="14" hits="0" branch="False" />
              </lines>
            </method>
          </methods>
          <lines>
            <line number="6" hits="0" branch="False" />
            <line number="14" hits="0" branch="False" />
          </lines>
        </class>
        <class name="Splendor.Domain.CashPrize" filename="Model\Career\Prizes\CashPrize.cs" line-rate="0" branch-rate="0" complexity="0">
          <methods>
            <method name="get_Money" signature="()" line-rate="0" branch-rate="0">
              <lines>
                <line number="6" hits="0" branch="False" />
              </lines>
            </method>
            <method name="get_Value" signature="()" line-rate="0" branch-rate="0">
              <lines>
                <line number="7" hits="0" branch="False" />
              </lines>
            </method>
            <method name="ToString" signature="()" line-rate="0" branch-rate="0">
              <lines>
                <line number="15" hits="0" branch="True" condition-coverage="0% (0/2)">
                  <conditions>
                    <condition number="7" type="jump" coverage="0%" />
                  </conditions>
                </line>
              </lines>
            </method>
          </methods>
          <lines>
            <line number="6" hits="0" branch="False" />
            <line number="7" hits="0" branch="False" />
            <line number="15" hits="0" branch="True" condition-coverage="0% (0/2)">
              <conditions>
                <condition number="7" type="jump" coverage="0%" />
              </conditions>
            </line>
          </lines>
        </class>
        <class name="Splendor.Domain.DiscountPrize" filename="Model\Career\Prizes\DiscountPrize.cs" line-rate="0" branch-rate="0" complexity="0">
          <methods>
            <method name="get_Value" signature="()" line-rate="0" branch-rate="0">
              <lines>
                <line number="5" hits="0" branch="False" />
              </lines>
            </method>
          </methods>
          <lines>
            <line number="5" hits="0" branch="False" />
          </lines>
        </class>
        <class name="Splendor.Domain.Gift" filename="Model\Career\Prizes\Gift.cs" line-rate="0" branch-rate="0" complexity="0">
          <methods>
            <method name="get_Id" signature="()" line-rate="0" branch-rate="0">
              <lines>
                <line number="5" hits="0" branch="False" />
              </lines>
            </method>
            <method name="get_Nombre" signature="()" line-rate="0" branch-rate="0">
              <lines>
                <line number="6" hits="0" branch="False" />
              </lines>
            </method>
            <method name="get_Descripcion" signature="()" line-rate="0" branch-rate="0">
              <lines>
                <line number="7" hits="0" branch="False" />
              </lines>
            </method>
            <method name="get_Precio" signature="()" line-rate="0" branch-rate="0">
              <lines>
                <line number="8" hits="0" branch="False" />
              </lines>
            </method>
            <method name="get_Conseguido" signature="()" line-rate="0" branch-rate="0">
              <lines>
                <line number="9" hits="0" branch="False" />
              </lines>
            </method>
          </methods>
          <lines>
            <line number="5" hits="0" branch="False" />
            <line number="6" hits="0" branch="False" />
            <line number="7" hits="0" branch="False" />
            <line number="8" hits="0" branch="False" />
            <line number="9" hits="0" branch="False" />
          </lines>
        </class>
        <class name="Splendor.Domain.Reward" filename="Model\Career\Prizes\Reward.cs" line-rate="0" branch-rate="0" complexity="0">
          <methods>
            <method name="ToString" signature="()" line-rate="0" branch-rate="0">
              <lines>
                <line number="12" hits="0" branch="False" />
              </lines>
            </method>
          </methods>
          <lines>
            <line number="12" hits="0" branch="False" />
          </lines>
        </class>
        <class name="Splendor.Domain.Tournament" filename="Model\Career\Tournament.cs" line-rate="0" branch-rate="0" complexity="0">
          <methods>
            <method name="get_Description" signature="()" line-rate="0" branch-rate="0">
              <lines>
                <line number="13" hits="0" branch="False" />
              </lines>
            </method>
            <method name="get_Place" signature="()" line-rate="0" branch-rate="0">
              <lines>
                <line number="14" hits="0" branch="False" />
              </lines>
            </method>
            <method name="get_Division" signature="()" line-rate="0" branch-rate="0">
              <lines>
                <line number="15" hits="0" branch="False" />
              </lines>
            </method>
            <method name="get_Date" signature="()" line-rate="0" branch-rate="0">
              <lines>
                <line number="16" hits="0" branch="False" />
              </lines>
            </method>
            <method name="get_Edition" signature="()" line-rate="0" branch-rate="0">
              <lines>
                <line number="17" hits="0" branch="False" />
              </lines>
            </method>
            <method name="get_Rounds" signature="()" line-rate="0" branch-rate="0">
              <lines>
                <line number="18" hits="0" branch="False" />
              </lines>
            </method>
            <method name="get_PlayersPerTable" signature="()" line-rate="0" branch-rate="0">
              <lines>
                <line number="19" hits="0" branch="False" />
              </lines>
            </method>
            <method name="get_Participants" signature="()" line-rate="0" branch-rate="0">
              <lines>
                <line number="20" hits="0" branch="False" />
              </lines>
            </method>
            <method name="AddParticipant" signature="(Splendor.Domain.TournamentParticipant)" line-rate="0" branch-rate="0">
              <lines>
                <line number="22" hits="0" branch="False" />
                <line number="23" hits="0" branch="True" condition-coverage="0% (0/2)">
                  <conditions>
                    <condition number="22" type="jump" coverage="0%" />
                  </conditions>
                </line>
                <line number="24" hits="0" branch="False" />
                <line number="26" hits="0" branch="False" />
                <line number="27" hits="0" branch="False" />
              </lines>
            </method>
            <method name="get_Sponsors" signature="()" line-rate="0" branch-rate="0">
              <lines>
                <line number="28" hits="0" branch="False" />
              </lines>
            </method>
            <method name="Ranking" signature="()" line-rate="0" branch-rate="0">
              <lines>
                <line number="48" hits="0" branch="True" condition-coverage="0% (0/4)">
                  <conditions>
                    <condition number="12" type="jump" coverage="0%" />
                    <condition number="48" type="jump" coverage="0%" />
                  </conditions>
                </line>
                <line number="49" hits="0" branch="False" />
                <line number="50" hits="0" branch="False" />
                <line number="51" hits="0" branch="False" />
              </lines>
            </method>
            <method name="ToString" signature="()" line-rate="0" branch-rate="0">
              <lines>
                <line number="53" hits="0" branch="False" />
              </lines>
            </method>
          </methods>
          <lines>
            <line number="13" hits="0" branch="False" />
            <line number="14" hits="0" branch="False" />
            <line number="15" hits="0" branch="False" />
            <line number="16" hits="0" branch="False" />
            <line number="17" hits="0" branch="False" />
            <line number="18" hits="0" branch="False" />
            <line number="19" hits="0" branch="False" />
            <line number="20" hits="0" branch="False" />
            <line number="22" hits="0" branch="False" />
            <line number="23" hits="0" branch="True" condition-coverage="0% (0/2)">
              <conditions>
                <condition number="22" type="jump" coverage="0%" />
              </conditions>
            </line>
            <line number="24" hits="0" branch="False" />
            <line number="26" hits="0" branch="False" />
            <line number="27" hits="0" branch="False" />
            <line number="28" hits="0" branch="False" />
            <line number="48" hits="0" branch="True" condition-coverage="0% (0/4)">
              <conditions>
                <condition number="12" type="jump" coverage="0%" />
                <condition number="48" type="jump" coverage="0%" />
              </conditions>
            </line>
            <line number="49" hits="0" branch="False" />
            <line number="50" hits="0" branch="False" />
            <line number="51" hits="0" branch="False" />
            <line number="53" hits="0" branch="False" />
          </lines>
        </class>
        <class name="Splendor.Domain.TournamentGame" filename="Model\Career\TournamentGame.cs" line-rate="0" branch-rate="0" complexity="0">
          <methods>
            <method name="get_Participants" signature="()" line-rate="0" branch-rate="0">
              <lines>
                <line number="8" hits="0" branch="False" />
              </lines>
            </method>
          </methods>
          <lines>
            <line number="8" hits="0" branch="False" />
          </lines>
        </class>
        <class name="Splendor.Domain.TournamentParticipant" filename="Model\Career\TournamentParticipant.cs" line-rate="0" branch-rate="0" complexity="0">
          <methods>
            <method name="get_Victories" signature="()" line-rate="0" branch-rate="0">
              <lines>
                <line number="5" hits="0" branch="False" />
              </lines>
            </method>
            <method name="get_Points" signature="()" line-rate="0" branch-rate="0">
              <lines>
                <line number="6" hits="0" branch="False" />
              </lines>
            </method>
          </methods>
          <lines>
            <line number="5" hits="0" branch="False" />
            <line number="6" hits="0" branch="False" />
          </lines>
        </class>
        <class name="Splendor.Domain.ColorExtensions" filename="Model\Game\Colors\ColorExtensions.cs" line-rate="1" branch-rate="0" complexity="0">
          <methods>
            <method name="Darken" signature="(System.Drawing.Color,System.Byte)" line-rate="1" branch-rate="0">
              <lines>
                <line number="9" hits="2" branch="False" />
                <line number="10" hits="2" branch="False" />
                <line number="11" hits="2" branch="False" />
                <line number="12" hits="2" branch="False" />
                <line number="13" hits="2" branch="False" />
                <line number="14" hits="2" branch="False" />
              </lines>
            </method>
            <method name="Lighten" signature="(System.Drawing.Color,System.Byte)" line-rate="1" branch-rate="0">
              <lines>
                <line number="17" hits="2" branch="False" />
                <line number="18" hits="2" branch="False" />
                <line number="19" hits="2" branch="False" />
                <line number="20" hits="2" branch="False" />
                <line number="21" hits="2" branch="False" />
                <line number="22" hits="2" branch="False" />
              </lines>
            </method>
          </methods>
          <lines>
            <line number="9" hits="2" branch="False" />
            <line number="10" hits="2" branch="False" />
            <line number="11" hits="2" branch="False" />
            <line number="12" hits="2" branch="False" />
            <line number="13" hits="2" branch="False" />
            <line number="14" hits="2" branch="False" />
            <line number="17" hits="2" branch="False" />
            <line number="18" hits="2" branch="False" />
            <line number="19" hits="2" branch="False" />
            <line number="20" hits="2" branch="False" />
            <line number="21" hits="2" branch="False" />
            <line number="22" hits="2" branch="False" />
          </lines>
        </class>
        <class name="Splendor.Domain.ColorFactory" filename="Model\Game\Colors\ColorFactory.cs" line-rate="0,154" branch-rate="0" complexity="0">
          <methods>
            <method name="GetColor" signature="(Splendor.Domain.PlayingColor)" line-rate="0" branch-rate="0">
              <lines>
                <line number="9" hits="0" branch="False" />
              </lines>
            </method>
            <method name="get_DefaultBlue" signature="()" line-rate="1" branch-rate="0">
              <lines>
                <line number="11" hits="7" branch="False" />
              </lines>
            </method>
            <method name="get_Red" signature="()" line-rate="0" branch-rate="0">
              <lines>
                <line number="12" hits="0" branch="False" />
              </lines>
            </method>
            <method name="get_Green" signature="()" line-rate="0" branch-rate="0">
              <lines>
                <line number="13" hits="0" branch="False" />
              </lines>
            </method>
            <method name="get_Gray" signature="()" line-rate="0" branch-rate="0">
              <lines>
                <line number="14" hits="0" branch="False" />
              </lines>
            </method>
            <method name="get_Orange" signature="()" line-rate="1" branch-rate="0">
              <lines>
                <line number="15" hits="1" branch="False" />
              </lines>
            </method>
            <method name="get_Purple" signature="()" line-rate="0" branch-rate="0">
              <lines>
                <line number="16" hits="0" branch="False" />
              </lines>
            </method>
            <method name="get_Yellow" signature="()" line-rate="0" branch-rate="0">
              <lines>
                <line number="17" hits="0" branch="False" />
              </lines>
            </method>
            <method name="get_Colors" signature="()" line-rate="0" branch-rate="0">
              <lines>
                <line number="19" hits="0" branch="False" />
              </lines>
            </method>
            <method name="GetRandomColor" signature="(Splendor.Domain.ColorGroup[])" line-rate="0" branch-rate="0">
              <lines>
                <line number="22" hits="0" branch="False" />
                <line number="23" hits="0" branch="False" />
                <line number="24" hits="0" branch="False" />
                <line number="25" hits="0" branch="False" />
              </lines>
            </method>
          </methods>
          <lines>
            <line number="9" hits="0" branch="False" />
            <line number="11" hits="7" branch="False" />
            <line number="12" hits="0" branch="False" />
            <line number="13" hits="0" branch="False" />
            <line number="14" hits="0" branch="False" />
            <line number="15" hits="1" branch="False" />
            <line number="16" hits="0" branch="False" />
            <line number="17" hits="0" branch="False" />
            <line number="19" hits="0" branch="False" />
            <line number="22" hits="0" branch="False" />
            <line number="23" hits="0" branch="False" />
            <line number="24" hits="0" branch="False" />
            <line number="25" hits="0" branch="False" />
          </lines>
        </class>
        <class name="Splendor.Domain.ColorGroup" filename="Model\Game\Colors\ColorGroup.cs" line-rate="0" branch-rate="0" complexity="0">
          <methods>
            <method name="get_PlayingColor" signature="()" line-rate="0" branch-rate="0">
              <lines>
                <line number="7" hits="0" branch="False" />
              </lines>
            </method>
            <method name="get_StrongColor" signature="()" line-rate="0" branch-rate="0">
              <lines>
                <line number="8" hits="0" branch="False" />
              </lines>
            </method>
            <method name="get_SoftColor" signature="()" line-rate="0" branch-rate="0">
              <lines>
                <line number="9" hits="0" branch="False" />
              </lines>
            </method>
            <method name="Equals" signature="(System.Object)" line-rate="0" branch-rate="0">
              <lines>
                <line number="19" hits="0" branch="False" />
                <line number="20" hits="0" branch="True" condition-coverage="0% (0/4)">
                  <conditions>
                    <condition number="2" type="jump" coverage="0%" />
                    <condition number="26" type="jump" coverage="0%" />
                  </conditions>
                </line>
                <line number="21" hits="0" branch="False" />
                <line number="23" hits="0" branch="False" />
                <line number="24" hits="0" branch="False" />
                <line number="25" hits="0" branch="False" />
              </lines>
            </method>
            <method name="GetHashCode" signature="()" line-rate="0" branch-rate="0">
              <lines>
                <line number="27" hits="0" branch="False" />
              </lines>
            </method>
          </methods>
          <lines>
            <line number="7" hits="0" branch="False" />
            <line number="8" hits="0" branch="False" />
            <line number="9" hits="0" branch="False" />
            <line number="19" hits="0" branch="False" />
            <line number="20" hits="0" branch="True" condition-coverage="0% (0/4)">
              <conditions>
                <condition number="2" type="jump" coverage="0%" />
                <condition number="26" type="jump" coverage="0%" />
              </conditions>
            </line>
            <line number="21" hits="0" branch="False" />
            <line number="23" hits="0" branch="False" />
            <line number="24" hits="0" branch="False" />
            <line number="25" hits="0" branch="False" />
            <line number="27" hits="0" branch="False" />
          </lines>
        </class>
        <class name="Splendor.Domain.Deck" filename="Model\Game\Deck.cs" line-rate="0,897" branch-rate="0,75" complexity="0">
          <methods>
            <method name="Subscribe" signature="(System.Action)" line-rate="0" branch-rate="0">
              <lines>
                <line number="14" hits="0" branch="False" />
              </lines>
            </method>
            <method name="RemainigDeckCards" signature="(Splendor.Domain.Level)" line-rate="1" branch-rate="0">
              <lines>
                <line number="21" hits="6060" branch="False" />
              </lines>
            </method>
            <method name="BuyCard" signature="(Splendor.Domain.Development)" line-rate="0,857" branch-rate="0,75">
              <lines>
                <line number="24" hits="81" branch="False" />
                <line number="25" hits="81" branch="True" condition-coverage="100% (2/2)">
                  <conditions>
                    <condition number="18" type="jump" coverage="100%" />
                  </conditions>
                </line>
                <line number="26" hits="3" branch="False" />
                <line number="28" hits="78" branch="True" condition-coverage="50% (1/2)">
                  <conditions>
                    <condition number="59" type="jump" coverage="50%" />
                  </conditions>
                </line>
                <line number="29" hits="0" branch="False" />
                <line number="31" hits="78" branch="False" />
                <line number="32" hits="78" branch="False" />
              </lines>
            </method>
            <method name="ReserveCard" signature="(Splendor.Domain.Development)" line-rate="1" branch-rate="0">
              <lines>
                <line number="34" hits="2" branch="False" />
              </lines>
            </method>
            <method name="TakeCard" signature="(Splendor.Domain.Development)" line-rate="0,833" branch-rate="0,5">
              <lines>
                <line number="37" hits="80" branch="False" />
                <line number="38" hits="80" branch="False" />
                <line number="39" hits="80" branch="True" condition-coverage="50% (1/2)">
                  <conditions>
                    <condition number="20" type="jump" coverage="50%" />
                  </conditions>
                </line>
                <line number="40" hits="0" branch="False" />
                <line number="42" hits="80" branch="True" condition-coverage="50% (1/2)">
                  <conditions>
                    <condition number="40" type="jump" coverage="50%" />
                  </conditions>
                </line>
                <line number="43" hits="80" branch="False" />
              </lines>
            </method>
            <method name="IsVisible" signature="(Splendor.Domain.Development)" line-rate="1" branch-rate="0">
              <lines>
                <line number="45" hits="79" branch="False" />
              </lines>
            </method>
            <method name="HiddenDevelopment" signature="(Splendor.Domain.Level)" line-rate="1" branch-rate="1">
              <lines>
                <line number="47" hits="7" branch="False" />
                <line number="48" hits="7" branch="True" condition-coverage="100% (2/2)">
                  <conditions>
                    <condition number="31" type="jump" coverage="100%" />
                  </conditions>
                </line>
                <line number="49" hits="20" branch="False" />
                <line number="50" hits="5" branch="False" />
                <line number="51" hits="7" branch="False" />
              </lines>
            </method>
            <method name="VisibleDevelopments" signature="(Splendor.Domain.Level)" line-rate="1" branch-rate="1">
              <lines>
                <line number="61" hits="186" branch="False" />
                <line number="62" hits="14008" branch="False" />
                <line number="63" hits="186" branch="True" condition-coverage="100% (2/2)">
                  <conditions>
                    <condition number="54" type="jump" coverage="100%" />
                  </conditions>
                </line>
                <line number="64" hits="1" branch="False" />
                <line number="66" hits="185" branch="False" />
                <line number="67" hits="185" branch="False" />
                <line number="68" hits="186" branch="False" />
              </lines>
            </method>
          </methods>
          <lines>
            <line number="14" hits="0" branch="False" />
            <line number="21" hits="6060" branch="False" />
            <line number="24" hits="81" branch="False" />
            <line number="25" hits="81" branch="True" condition-coverage="100% (2/2)">
              <conditions>
                <condition number="18" type="jump" coverage="100%" />
              </conditions>
            </line>
            <line number="26" hits="3" branch="False" />
            <line number="28" hits="78" branch="True" condition-coverage="50% (1/2)">
              <conditions>
                <condition number="59" type="jump" coverage="50%" />
              </conditions>
            </line>
            <line number="29" hits="0" branch="False" />
            <line number="31" hits="78" branch="False" />
            <line number="32" hits="78" branch="False" />
            <line number="34" hits="2" branch="False" />
            <line number="37" hits="80" branch="False" />
            <line number="38" hits="80" branch="False" />
            <line number="39" hits="80" branch="True" condition-coverage="50% (1/2)">
              <conditions>
                <condition number="20" type="jump" coverage="50%" />
              </conditions>
            </line>
            <line number="40" hits="0" branch="False" />
            <line number="42" hits="80" branch="True" condition-coverage="50% (1/2)">
              <conditions>
                <condition number="40" type="jump" coverage="50%" />
              </conditions>
            </line>
            <line number="43" hits="80" branch="False" />
            <line number="45" hits="79" branch="False" />
            <line number="47" hits="7" branch="False" />
            <line number="48" hits="7" branch="True" condition-coverage="100% (2/2)">
              <conditions>
                <condition number="31" type="jump" coverage="100%" />
              </conditions>
            </line>
            <line number="49" hits="20" branch="False" />
            <line number="50" hits="5" branch="False" />
            <line number="51" hits="7" branch="False" />
            <line number="61" hits="186" branch="False" />
            <line number="62" hits="14008" branch="False" />
            <line number="63" hits="186" branch="True" condition-coverage="100% (2/2)">
              <conditions>
                <condition number="54" type="jump" coverage="100%" />
              </conditions>
            </line>
            <line number="64" hits="1" branch="False" />
            <line number="66" hits="185" branch="False" />
            <line number="67" hits="185" branch="False" />
            <line number="68" hits="186" branch="False" />
          </lines>
        </class>
        <class name="Splendor.Domain.Deck/&lt;VisibleDevelopments&gt;d__11" filename="Model\Game\Deck.cs" line-rate="1" branch-rate="0,833" complexity="0">
          <methods>
            <method name="MoveNext" signature="()" line-rate="1" branch-rate="0,833">
              <lines>
                <line number="54" hits="92" branch="True" condition-coverage="50% (1/2)">
                  <conditions>
                    <condition number="14" type="jump" coverage="50%" />
                  </conditions>
                </line>
                <line number="55" hits="403" branch="True" condition-coverage="100% (2/2)">
                  <conditions>
                    <condition number="226" type="jump" coverage="100%" />
                  </conditions>
                </line>
                <line number="56" hits="571" branch="True" condition-coverage="100% (2/2)">
                  <conditions>
                    <condition number="192" type="jump" coverage="100%" />
                  </conditions>
                </line>
                <line number="57" hits="169" branch="False" />
                <line number="58" hits="7" branch="False" />
              </lines>
            </method>
          </methods>
          <lines>
            <line number="54" hits="92" branch="True" condition-coverage="50% (1/2)">
              <conditions>
                <condition number="14" type="jump" coverage="50%" />
              </conditions>
            </line>
            <line number="55" hits="403" branch="True" condition-coverage="100% (2/2)">
              <conditions>
                <condition number="226" type="jump" coverage="100%" />
              </conditions>
            </line>
            <line number="56" hits="571" branch="True" condition-coverage="100% (2/2)">
              <conditions>
                <condition number="192" type="jump" coverage="100%" />
              </conditions>
            </line>
            <line number="57" hits="169" branch="False" />
            <line number="58" hits="7" branch="False" />
          </lines>
        </class>
        <class name="Splendor.Domain.Cost" filename="Model\Game\Developments\Cost.cs" line-rate="1" branch-rate="0" complexity="0">
          <methods>
            <method name="get_Total" signature="()" line-rate="1" branch-rate="0">
              <lines>
                <line number="9" hits="1" branch="False" />
              </lines>
            </method>
            <method name="OfType" signature="(Splendor.Domain.Gem)" line-rate="1" branch-rate="0">
              <lines>
                <line number="21" hits="559" branch="False" />
              </lines>
            </method>
            <method name="ToString" signature="()" line-rate="1" branch-rate="0">
              <lines>
                <line number="23" hits="2" branch="False" />
              </lines>
            </method>
          </methods>
          <lines>
            <line number="9" hits="1" branch="False" />
            <line number="21" hits="559" branch="False" />
            <line number="23" hits="2" branch="False" />
          </lines>
        </class>
        <class name="Splendor.Domain.Cost/&lt;&gt;c" filename="Model\Game\Developments\Cost.cs" line-rate="1" branch-rate="0" complexity="0">
          <methods>
            <method name="&lt;.ctor&gt;b__4_0" signature="(System.Collections.Generic.IEnumerable`1&lt;Splendor.Domain.Gem&gt;)" line-rate="1" branch-rate="0">
              <lines>
                <line number="18" hits="5182" branch="False" />
              </lines>
            </method>
          </methods>
          <lines>
            <line number="18" hits="5182" branch="False" />
          </lines>
        </class>
        <class name="Splendor.Domain.Development" filename="Model\Game\Developments\Development.cs" line-rate="0,538" branch-rate="0,375" complexity="0">
          <methods>
            <method name="get_Id" signature="()" line-rate="1" branch-rate="0">
              <lines>
                <line number="10" hits="105396" branch="False" />
              </lines>
            </method>
            <method name="get_Level" signature="()" line-rate="1" branch-rate="0">
              <lines>
                <line number="11" hits="19837" branch="False" />
              </lines>
            </method>
            <method name="get_Bonus" signature="()" line-rate="1" branch-rate="0">
              <lines>
                <line number="12" hits="123" branch="False" />
              </lines>
            </method>
            <method name="get_Prestige" signature="()" line-rate="1" branch-rate="0">
              <lines>
                <line number="14" hits="53" branch="False" />
              </lines>
            </method>
            <method name="get_Path" signature="()" line-rate="0" branch-rate="0">
              <lines>
                <line number="15" hits="0" branch="False" />
              </lines>
            </method>
            <method name="TotalGems" signature="()" line-rate="1" branch-rate="0">
              <lines>
                <line number="18" hits="1" branch="False" />
              </lines>
            </method>
            <method name="TotalGemsOfType" signature="(Splendor.Domain.Gem)" line-rate="1" branch-rate="0">
              <lines>
                <line number="19" hits="6" branch="False" />
              </lines>
            </method>
            <method name="ToString" signature="()" line-rate="0,833" branch-rate="0,75">
              <lines>
                <line number="37" hits="21" branch="False" />
                <line number="38" hits="21" branch="True" condition-coverage="100% (2/2)">
                  <conditions>
                    <condition number="13" type="jump" coverage="100%" />
                  </conditions>
                </line>
                <line number="39" hits="21" branch="True" condition-coverage="50% (1/2)">
                  <conditions>
                    <condition number="59" type="jump" coverage="50%" />
                  </conditions>
                </line>
                <line number="42" hits="0" branch="False" />
                <line number="44" hits="21" branch="False" />
                <line number="46" hits="21" branch="False" />
              </lines>
            </method>
            <method name="ToStringWithPrice" signature="()" line-rate="1" branch-rate="0">
              <lines>
                <line number="48" hits="2" branch="False" />
              </lines>
            </method>
            <method name="op_Equality" signature="(Splendor.Domain.Development,Splendor.Domain.Development)" line-rate="0" branch-rate="0">
              <lines>
                <line number="51" hits="0" branch="False" />
                <line number="52" hits="0" branch="True" condition-coverage="0% (0/2)">
                  <conditions>
                    <condition number="10" type="jump" coverage="0%" />
                  </conditions>
                </line>
                <line number="53" hits="0" branch="False" />
                <line number="54" hits="0" branch="False" />
              </lines>
            </method>
            <method name="op_Inequality" signature="(Splendor.Domain.Development,Splendor.Domain.Development)" line-rate="0" branch-rate="0">
              <lines>
                <line number="57" hits="0" branch="False" />
                <line number="58" hits="0" branch="True" condition-coverage="0% (0/2)">
                  <conditions>
                    <condition number="10" type="jump" coverage="0%" />
                  </conditions>
                </line>
                <line number="59" hits="0" branch="False" />
                <line number="60" hits="0" branch="False" />
              </lines>
            </method>
            <method name="Equals" signature="(System.Object)" line-rate="0,833" branch-rate="0,5">
              <lines>
                <line number="63" hits="51715" branch="False" />
                <line number="64" hits="51715" branch="True" condition-coverage="50% (2/4)">
                  <conditions>
                    <condition number="2" type="jump" coverage="50%" />
                    <condition number="26" type="jump" coverage="50%" />
                  </conditions>
                </line>
                <line number="65" hits="0" branch="False" />
                <line number="67" hits="51715" branch="False" />
                <line number="68" hits="51715" branch="False" />
                <line number="69" hits="51715" branch="False" />
              </lines>
            </method>
            <method name="GetHashCode" signature="()" line-rate="0" branch-rate="0">
              <lines>
                <line number="71" hits="0" branch="False" />
              </lines>
            </method>
            <method name="Singular" signature="()" line-rate="0" branch-rate="0">
              <lines>
                <line number="74" hits="0" branch="False" />
                <line number="75" hits="0" branch="True" condition-coverage="0% (0/2)">
                  <conditions>
                    <condition number="11" type="jump" coverage="0%" />
                  </conditions>
                </line>
                <line number="77" hits="0" branch="False" />
                <line number="78" hits="0" branch="False" />
                <line number="80" hits="0" branch="False" />
              </lines>
            </method>
            <method name="Plural" signature="()" line-rate="0,8" branch-rate="0,5">
              <lines>
                <line number="83" hits="1" branch="False" />
                <line number="84" hits="1" branch="True" condition-coverage="50% (1/2)">
                  <conditions>
                    <condition number="11" type="jump" coverage="50%" />
                  </conditions>
                </line>
                <line number="86" hits="0" branch="False" />
                <line number="87" hits="1" branch="False" />
                <line number="89" hits="1" branch="False" />
              </lines>
            </method>
          </methods>
          <lines>
            <line number="10" hits="105396" branch="False" />
            <line number="11" hits="19837" branch="False" />
            <line number="12" hits="123" branch="False" />
            <line number="14" hits="53" branch="False" />
            <line number="15" hits="0" branch="False" />
            <line number="18" hits="1" branch="False" />
            <line number="19" hits="6" branch="False" />
            <line number="37" hits="21" branch="False" />
            <line number="38" hits="21" branch="True" condition-coverage="100% (2/2)">
              <conditions>
                <condition number="13" type="jump" coverage="100%" />
              </conditions>
            </line>
            <line number="39" hits="21" branch="True" condition-coverage="50% (1/2)">
              <conditions>
                <condition number="59" type="jump" coverage="50%" />
              </conditions>
            </line>
            <line number="42" hits="0" branch="False" />
            <line number="44" hits="21" branch="False" />
            <line number="46" hits="21" branch="False" />
            <line number="48" hits="2" branch="False" />
            <line number="51" hits="0" branch="False" />
            <line number="52" hits="0" branch="True" condition-coverage="0% (0/2)">
              <conditions>
                <condition number="10" type="jump" coverage="0%" />
              </conditions>
            </line>
            <line number="53" hits="0" branch="False" />
            <line number="54" hits="0" branch="False" />
            <line number="57" hits="0" branch="False" />
            <line number="58" hits="0" branch="True" condition-coverage="0% (0/2)">
              <conditions>
                <condition number="10" type="jump" coverage="0%" />
              </conditions>
            </line>
            <line number="59" hits="0" branch="False" />
            <line number="60" hits="0" branch="False" />
            <line number="63" hits="51715" branch="False" />
            <line number="64" hits="51715" branch="True" condition-coverage="50% (2/4)">
              <conditions>
                <condition number="2" type="jump" coverage="50%" />
                <condition number="26" type="jump" coverage="50%" />
              </conditions>
            </line>
            <line number="65" hits="0" branch="False" />
            <line number="67" hits="51715" branch="False" />
            <line number="68" hits="51715" branch="False" />
            <line number="69" hits="51715" branch="False" />
            <line number="71" hits="0" branch="False" />
            <line number="74" hits="0" branch="False" />
            <line number="75" hits="0" branch="True" condition-coverage="0% (0/2)">
              <conditions>
                <condition number="11" type="jump" coverage="0%" />
              </conditions>
            </line>
            <line number="77" hits="0" branch="False" />
            <line number="78" hits="0" branch="False" />
            <line number="80" hits="0" branch="False" />
            <line number="83" hits="1" branch="False" />
            <line number="84" hits="1" branch="True" condition-coverage="50% (1/2)">
              <conditions>
                <condition number="11" type="jump" coverage="50%" />
              </conditions>
            </line>
            <line number="86" hits="0" branch="False" />
            <line number="87" hits="1" branch="False" />
            <line number="89" hits="1" branch="False" />
          </lines>
        </class>
        <class name="Splendor.Domain.DevelopmentsExtensions" filename="Model\Game\Developments\DevelopmentsExtensions.cs" line-rate="0,6" branch-rate="0,583" complexity="0">
          <methods>
            <method name="JoinList" signature="(System.Collections.Generic.IEnumerable`1&lt;Splendor.Domain.Development&gt;)" line-rate="1" branch-rate="0,667">
              <lines>
                <line number="10" hits="1" branch="False" />
                <line number="11" hits="1" branch="False" />
                <line number="12" hits="3" branch="True" condition-coverage="75% (3/4)">
                  <conditions>
                    <condition number="15" type="jump" coverage="100%" />
                    <condition number="56" type="jump" coverage="50%" />
                  </conditions>
                </line>
                <line number="13" hits="1" branch="True" condition-coverage="50% (1/2)">
                  <conditions>
                    <condition number="110" type="jump" coverage="50%" />
                  </conditions>
                </line>
                <line number="14" hits="1" branch="False" />
              </lines>
            </method>
            <method name="BackColor" signature="(System.Collections.Generic.IEnumerable`1&lt;Splendor.Domain.Development&gt;)" line-rate="0" branch-rate="0">
              <lines>
                <line number="17" hits="0" branch="False" />
                <line number="18" hits="0" branch="True" condition-coverage="0% (0/2)">
                  <conditions>
                    <condition number="12" type="jump" coverage="0%" />
                  </conditions>
                </line>
                <line number="19" hits="0" branch="False" />
                <line number="20" hits="0" branch="False" />
                <line number="21" hits="0" branch="False" />
              </lines>
            </method>
            <method name="AllSameBonus" signature="(System.Collections.Generic.IEnumerable`1&lt;Splendor.Domain.Development&gt;)" line-rate="0,8" branch-rate="0,75">
              <lines>
                <line number="24" hits="1" branch="False" />
                <line number="25" hits="1" branch="True" condition-coverage="50% (1/2)">
                  <conditions>
                    <condition number="12" type="jump" coverage="50%" />
                  </conditions>
                </line>
                <line number="26" hits="0" branch="False" />
                <line number="28" hits="4" branch="True" condition-coverage="100% (2/2)">
                  <conditions>
                    <condition number="25" type="jump" coverage="100%" />
                  </conditions>
                </line>
                <line number="29" hits="1" branch="False" />
              </lines>
            </method>
          </methods>
          <lines>
            <line number="10" hits="1" branch="False" />
            <line number="11" hits="1" branch="False" />
            <line number="12" hits="3" branch="True" condition-coverage="75% (3/4)">
              <conditions>
                <condition number="15" type="jump" coverage="100%" />
                <condition number="56" type="jump" coverage="50%" />
              </conditions>
            </line>
            <line number="13" hits="1" branch="True" condition-coverage="50% (1/2)">
              <conditions>
                <condition number="110" type="jump" coverage="50%" />
              </conditions>
            </line>
            <line number="14" hits="1" branch="False" />
            <line number="17" hits="0" branch="False" />
            <line number="18" hits="0" branch="True" condition-coverage="0% (0/2)">
              <conditions>
                <condition number="12" type="jump" coverage="0%" />
              </conditions>
            </line>
            <line number="19" hits="0" branch="False" />
            <line number="20" hits="0" branch="False" />
            <line number="21" hits="0" branch="False" />
            <line number="24" hits="1" branch="False" />
            <line number="25" hits="1" branch="True" condition-coverage="50% (1/2)">
              <conditions>
                <condition number="12" type="jump" coverage="50%" />
              </conditions>
            </line>
            <line number="26" hits="0" branch="False" />
            <line number="28" hits="4" branch="True" condition-coverage="100% (2/2)">
              <conditions>
                <condition number="25" type="jump" coverage="100%" />
              </conditions>
            </line>
            <line number="29" hits="1" branch="False" />
          </lines>
        </class>
        <class name="Splendor.Domain.DevelopmentsFactory" filename="Model\Game\Developments\DevelopmentsFactory.cs" line-rate="1" branch-rate="0" complexity="0">
          <methods>
            <method name="GetDeck" signature="()" line-rate="1" branch-rate="0">
              <lines>
                <line number="9" hits="23" branch="False" />
              </lines>
            </method>
            <method name="AllDevelopments" signature="()" line-rate="1" branch-rate="0">
              <lines>
                <line number="12" hits="23" branch="False" />
                <line number="13" hits="23" branch="False" />
                <line number="14" hits="23" branch="False" />
                <line number="15" hits="23" branch="False" />
                <line number="16" hits="23" branch="False" />
              </lines>
            </method>
          </methods>
          <lines>
            <line number="9" hits="23" branch="False" />
            <line number="12" hits="23" branch="False" />
            <line number="13" hits="23" branch="False" />
            <line number="14" hits="23" branch="False" />
            <line number="15" hits="23" branch="False" />
            <line number="16" hits="23" branch="False" />
          </lines>
        </class>
        <class name="Splendor.Domain.DevelopmentsFactory/&lt;FirstLevel&gt;d__2" filename="Model\Game\Developments\DevelopmentsFactory.cs" line-rate="1" branch-rate="0" complexity="0">
          <methods>
            <method name="MoveNext" signature="()" line-rate="1" branch-rate="0">
              <lines>
                <line number="19" hits="23" branch="False" />
                <line number="21" hits="23" branch="False" />
                <line number="22" hits="23" branch="False" />
                <line number="23" hits="23" branch="False" />
                <line number="24" hits="23" branch="False" />
                <line number="25" hits="23" branch="False" />
                <line number="26" hits="23" branch="False" />
                <line number="27" hits="23" branch="False" />
                <line number="28" hits="23" branch="False" />
                <line number="31" hits="23" branch="False" />
                <line number="32" hits="23" branch="False" />
                <line number="33" hits="23" branch="False" />
                <line number="34" hits="23" branch="False" />
                <line number="35" hits="23" branch="False" />
                <line number="36" hits="23" branch="False" />
                <line number="37" hits="23" branch="False" />
                <line number="38" hits="23" branch="False" />
                <line number="41" hits="23" branch="False" />
                <line number="42" hits="23" branch="False" />
                <line number="43" hits="23" branch="False" />
                <line number="44" hits="23" branch="False" />
                <line number="45" hits="23" branch="False" />
                <line number="46" hits="23" branch="False" />
                <line number="47" hits="23" branch="False" />
                <line number="48" hits="23" branch="False" />
                <line number="51" hits="23" branch="False" />
                <line number="52" hits="23" branch="False" />
                <line number="53" hits="23" branch="False" />
                <line number="54" hits="23" branch="False" />
                <line number="55" hits="23" branch="False" />
                <line number="56" hits="23" branch="False" />
                <line number="57" hits="23" branch="False" />
                <line number="58" hits="23" branch="False" />
                <line number="61" hits="23" branch="False" />
                <line number="62" hits="23" branch="False" />
                <line number="63" hits="23" branch="False" />
                <line number="64" hits="23" branch="False" />
                <line number="65" hits="23" branch="False" />
                <line number="66" hits="23" branch="False" />
                <line number="67" hits="23" branch="False" />
                <line number="68" hits="23" branch="False" />
                <line number="69" hits="23" branch="False" />
              </lines>
            </method>
          </methods>
          <lines>
            <line number="19" hits="23" branch="False" />
            <line number="21" hits="23" branch="False" />
            <line number="22" hits="23" branch="False" />
            <line number="23" hits="23" branch="False" />
            <line number="24" hits="23" branch="False" />
            <line number="25" hits="23" branch="False" />
            <line number="26" hits="23" branch="False" />
            <line number="27" hits="23" branch="False" />
            <line number="28" hits="23" branch="False" />
            <line number="31" hits="23" branch="False" />
            <line number="32" hits="23" branch="False" />
            <line number="33" hits="23" branch="False" />
            <line number="34" hits="23" branch="False" />
            <line number="35" hits="23" branch="False" />
            <line number="36" hits="23" branch="False" />
            <line number="37" hits="23" branch="False" />
            <line number="38" hits="23" branch="False" />
            <line number="41" hits="23" branch="False" />
            <line number="42" hits="23" branch="False" />
            <line number="43" hits="23" branch="False" />
            <line number="44" hits="23" branch="False" />
            <line number="45" hits="23" branch="False" />
            <line number="46" hits="23" branch="False" />
            <line number="47" hits="23" branch="False" />
            <line number="48" hits="23" branch="False" />
            <line number="51" hits="23" branch="False" />
            <line number="52" hits="23" branch="False" />
            <line number="53" hits="23" branch="False" />
            <line number="54" hits="23" branch="False" />
            <line number="55" hits="23" branch="False" />
            <line number="56" hits="23" branch="False" />
            <line number="57" hits="23" branch="False" />
            <line number="58" hits="23" branch="False" />
            <line number="61" hits="23" branch="False" />
            <line number="62" hits="23" branch="False" />
            <line number="63" hits="23" branch="False" />
            <line number="64" hits="23" branch="False" />
            <line number="65" hits="23" branch="False" />
            <line number="66" hits="23" branch="False" />
            <line number="67" hits="23" branch="False" />
            <line number="68" hits="23" branch="False" />
            <line number="69" hits="23" branch="False" />
          </lines>
        </class>
        <class name="Splendor.Domain.DevelopmentsFactory/&lt;SecondLevel&gt;d__3" filename="Model\Game\Developments\DevelopmentsFactory.cs" line-rate="1" branch-rate="0" complexity="0">
          <methods>
            <method name="MoveNext" signature="()" line-rate="1" branch-rate="0">
              <lines>
                <line number="72" hits="23" branch="False" />
                <line number="74" hits="23" branch="False" />
                <line number="75" hits="23" branch="False" />
                <line number="76" hits="23" branch="False" />
                <line number="77" hits="23" branch="False" />
                <line number="78" hits="23" branch="False" />
                <line number="79" hits="23" branch="False" />
                <line number="82" hits="23" branch="False" />
                <line number="83" hits="23" branch="False" />
                <line number="84" hits="23" branch="False" />
                <line number="85" hits="23" branch="False" />
                <line number="86" hits="23" branch="False" />
                <line number="87" hits="23" branch="False" />
                <line number="90" hits="23" branch="False" />
                <line number="91" hits="23" branch="False" />
                <line number="92" hits="23" branch="False" />
                <line number="93" hits="23" branch="False" />
                <line number="94" hits="23" branch="False" />
                <line number="95" hits="23" branch="False" />
                <line number="98" hits="23" branch="False" />
                <line number="99" hits="23" branch="False" />
                <line number="100" hits="23" branch="False" />
                <line number="101" hits="23" branch="False" />
                <line number="102" hits="23" branch="False" />
                <line number="103" hits="23" branch="False" />
                <line number="106" hits="23" branch="False" />
                <line number="107" hits="23" branch="False" />
                <line number="108" hits="23" branch="False" />
                <line number="109" hits="23" branch="False" />
                <line number="110" hits="23" branch="False" />
                <line number="111" hits="23" branch="False" />
                <line number="112" hits="23" branch="False" />
              </lines>
            </method>
          </methods>
          <lines>
            <line number="72" hits="23" branch="False" />
            <line number="74" hits="23" branch="False" />
            <line number="75" hits="23" branch="False" />
            <line number="76" hits="23" branch="False" />
            <line number="77" hits="23" branch="False" />
            <line number="78" hits="23" branch="False" />
            <line number="79" hits="23" branch="False" />
            <line number="82" hits="23" branch="False" />
            <line number="83" hits="23" branch="False" />
            <line number="84" hits="23" branch="False" />
            <line number="85" hits="23" branch="False" />
            <line number="86" hits="23" branch="False" />
            <line number="87" hits="23" branch="False" />
            <line number="90" hits="23" branch="False" />
            <line number="91" hits="23" branch="False" />
            <line number="92" hits="23" branch="False" />
            <line number="93" hits="23" branch="False" />
            <line number="94" hits="23" branch="False" />
            <line number="95" hits="23" branch="False" />
            <line number="98" hits="23" branch="False" />
            <line number="99" hits="23" branch="False" />
            <line number="100" hits="23" branch="False" />
            <line number="101" hits="23" branch="False" />
            <line number="102" hits="23" branch="False" />
            <line number="103" hits="23" branch="False" />
            <line number="106" hits="23" branch="False" />
            <line number="107" hits="23" branch="False" />
            <line number="108" hits="23" branch="False" />
            <line number="109" hits="23" branch="False" />
            <line number="110" hits="23" branch="False" />
            <line number="111" hits="23" branch="False" />
            <line number="112" hits="23" branch="False" />
          </lines>
        </class>
        <class name="Splendor.Domain.DevelopmentsFactory/&lt;ThirdLevel&gt;d__4" filename="Model\Game\Developments\DevelopmentsFactory.cs" line-rate="1" branch-rate="0" complexity="0">
          <methods>
            <method name="MoveNext" signature="()" line-rate="1" branch-rate="0">
              <lines>
                <line number="115" hits="23" branch="False" />
                <line number="117" hits="23" branch="False" />
                <line number="118" hits="23" branch="False" />
                <line number="119" hits="23" branch="False" />
                <line number="120" hits="23" branch="False" />
                <line number="123" hits="23" branch="False" />
                <line number="124" hits="23" branch="False" />
                <line number="125" hits="23" branch="False" />
                <line number="126" hits="23" branch="False" />
                <line number="129" hits="23" branch="False" />
                <line number="130" hits="23" branch="False" />
                <line number="131" hits="23" branch="False" />
                <line number="132" hits="23" branch="False" />
                <line number="135" hits="23" branch="False" />
                <line number="136" hits="23" branch="False" />
                <line number="137" hits="23" branch="False" />
                <line number="138" hits="23" branch="False" />
                <line number="141" hits="23" branch="False" />
                <line number="142" hits="23" branch="False" />
                <line number="143" hits="23" branch="False" />
                <line number="144" hits="23" branch="False" />
                <line number="145" hits="23" branch="False" />
              </lines>
            </method>
          </methods>
          <lines>
            <line number="115" hits="23" branch="False" />
            <line number="117" hits="23" branch="False" />
            <line number="118" hits="23" branch="False" />
            <line number="119" hits="23" branch="False" />
            <line number="120" hits="23" branch="False" />
            <line number="123" hits="23" branch="False" />
            <line number="124" hits="23" branch="False" />
            <line number="125" hits="23" branch="False" />
            <line number="126" hits="23" branch="False" />
            <line number="129" hits="23" branch="False" />
            <line number="130" hits="23" branch="False" />
            <line number="131" hits="23" branch="False" />
            <line number="132" hits="23" branch="False" />
            <line number="135" hits="23" branch="False" />
            <line number="136" hits="23" branch="False" />
            <line number="137" hits="23" branch="False" />
            <line number="138" hits="23" branch="False" />
            <line number="141" hits="23" branch="False" />
            <line number="142" hits="23" branch="False" />
            <line number="143" hits="23" branch="False" />
            <line number="144" hits="23" branch="False" />
            <line number="145" hits="23" branch="False" />
          </lines>
        </class>
        <class name="Splendor.Domain.Level" filename="Model\Game\Developments\Level.cs" line-rate="0,762" branch-rate="0,5" complexity="0">
          <methods>
            <method name="get_AllLevels" signature="()" line-rate="1" branch-rate="0">
              <lines>
                <line number="9" hits="92" branch="False" />
              </lines>
            </method>
            <method name="FromScalar" signature="(System.Int32)" line-rate="1" branch-rate="0">
              <lines>
                <line number="10" hits="457" branch="False" />
              </lines>
            </method>
            <method name="get_Level1" signature="()" line-rate="1" branch-rate="0">
              <lines>
                <line number="11" hits="261" branch="False" />
              </lines>
            </method>
            <method name="get_Level2" signature="()" line-rate="1" branch-rate="0">
              <lines>
                <line number="12" hits="97" branch="False" />
              </lines>
            </method>
            <method name="get_Level3" signature="()" line-rate="1" branch-rate="0">
              <lines>
                <line number="13" hits="96" branch="False" />
              </lines>
            </method>
            <method name="op_Implicit" signature="(Splendor.Domain.Level)" line-rate="0" branch-rate="0">
              <lines>
                <line number="24" hits="0" branch="False" />
              </lines>
            </method>
            <method name="op_Explicit" signature="(System.Int32)" line-rate="1" branch-rate="0">
              <lines>
                <line number="25" hits="73" branch="False" />
              </lines>
            </method>
            <method name="ToString" signature="()" line-rate="0,8" branch-rate="0,5">
              <lines>
                <line number="28" hits="24" branch="False" />
                <line number="29" hits="24" branch="True" condition-coverage="50% (1/2)">
                  <conditions>
                    <condition number="11" type="jump" coverage="50%" />
                  </conditions>
                </line>
                <line number="31" hits="0" branch="False" />
                <line number="32" hits="24" branch="False" />
                <line number="34" hits="24" branch="False" />
              </lines>
            </method>
            <method name="op_Equality" signature="(Splendor.Domain.Level,Splendor.Domain.Level)" line-rate="1" branch-rate="0">
              <lines>
                <line number="36" hits="19818" branch="False" />
              </lines>
            </method>
            <method name="op_Inequality" signature="(Splendor.Domain.Level,Splendor.Domain.Level)" line-rate="0" branch-rate="0">
              <lines>
                <line number="37" hits="0" branch="False" />
              </lines>
            </method>
            <method name="Equals" signature="(System.Object)" line-rate="0,833" branch-rate="0,5">
              <lines>
                <line number="40" hits="19825" branch="False" />
                <line number="41" hits="19825" branch="True" condition-coverage="50% (2/4)">
                  <conditions>
                    <condition number="2" type="jump" coverage="50%" />
                    <condition number="26" type="jump" coverage="50%" />
                  </conditions>
                </line>
                <line number="42" hits="0" branch="False" />
                <line number="44" hits="19825" branch="False" />
                <line number="45" hits="19825" branch="False" />
                <line number="46" hits="19825" branch="False" />
              </lines>
            </method>
            <method name="GetHashCode" signature="()" line-rate="0" branch-rate="0">
              <lines>
                <line number="48" hits="0" branch="False" />
              </lines>
            </method>
          </methods>
          <lines>
            <line number="9" hits="92" branch="False" />
            <line number="10" hits="457" branch="False" />
            <line number="11" hits="261" branch="False" />
            <line number="12" hits="97" branch="False" />
            <line number="13" hits="96" branch="False" />
            <line number="24" hits="0" branch="False" />
            <line number="25" hits="73" branch="False" />
            <line number="28" hits="24" branch="False" />
            <line number="29" hits="24" branch="True" condition-coverage="50% (1/2)">
              <conditions>
                <condition number="11" type="jump" coverage="50%" />
              </conditions>
            </line>
            <line number="31" hits="0" branch="False" />
            <line number="32" hits="24" branch="False" />
            <line number="34" hits="24" branch="False" />
            <line number="36" hits="19818" branch="False" />
            <line number="37" hits="0" branch="False" />
            <line number="40" hits="19825" branch="False" />
            <line number="41" hits="19825" branch="True" condition-coverage="50% (2/4)">
              <conditions>
                <condition number="2" type="jump" coverage="50%" />
                <condition number="26" type="jump" coverage="50%" />
              </conditions>
            </line>
            <line number="42" hits="0" branch="False" />
            <line number="44" hits="19825" branch="False" />
            <line number="45" hits="19825" branch="False" />
            <line number="46" hits="19825" branch="False" />
            <line number="48" hits="0" branch="False" />
          </lines>
        </class>
        <class name="Splendor.Domain.Prestige" filename="Model\Game\Developments\Prestige.cs" line-rate="0,733" branch-rate="0,667" complexity="0">
          <methods>
            <method name="FromScalar" signature="(System.Int32)" line-rate="1" branch-rate="0">
              <lines>
                <line number="7" hits="32" branch="False" />
              </lines>
            </method>
            <method name="get_Zero" signature="()" line-rate="1" branch-rate="0">
              <lines>
                <line number="8" hits="14" branch="False" />
              </lines>
            </method>
            <method name="op_Implicit" signature="(Splendor.Domain.Prestige)" line-rate="1" branch-rate="0">
              <lines>
                <line number="19" hits="63" branch="False" />
              </lines>
            </method>
            <method name="op_Explicit" signature="(System.Int32)" line-rate="1" branch-rate="0">
              <lines>
                <line number="20" hits="2165" branch="False" />
              </lines>
            </method>
            <method name="ToString" signature="()" line-rate="1" branch-rate="1">
              <lines>
                <line number="22" hits="27" branch="True" condition-coverage="100% (2/2)">
                  <conditions>
                    <condition number="27" type="jump" coverage="100%" />
                  </conditions>
                </line>
              </lines>
            </method>
            <method name="op_Equality" signature="(Splendor.Domain.Prestige,Splendor.Domain.Prestige)" line-rate="0" branch-rate="0">
              <lines>
                <line number="24" hits="0" branch="False" />
              </lines>
            </method>
            <method name="op_Inequality" signature="(Splendor.Domain.Prestige,Splendor.Domain.Prestige)" line-rate="0" branch-rate="0">
              <lines>
                <line number="25" hits="0" branch="False" />
              </lines>
            </method>
            <method name="op_Addition" signature="(Splendor.Domain.Prestige,Splendor.Domain.Prestige)" line-rate="1" branch-rate="0">
              <lines>
                <line number="27" hits="8" branch="False" />
              </lines>
            </method>
            <method name="Equals" signature="(System.Object)" line-rate="0,833" branch-rate="0,5">
              <lines>
                <line number="30" hits="17" branch="False" />
                <line number="31" hits="17" branch="True" condition-coverage="50% (2/4)">
                  <conditions>
                    <condition number="2" type="jump" coverage="50%" />
                    <condition number="26" type="jump" coverage="50%" />
                  </conditions>
                </line>
                <line number="32" hits="0" branch="False" />
                <line number="34" hits="17" branch="False" />
                <line number="35" hits="17" branch="False" />
                <line number="36" hits="17" branch="False" />
              </lines>
            </method>
            <method name="GetHashCode" signature="()" line-rate="0" branch-rate="0">
              <lines>
                <line number="38" hits="0" branch="False" />
              </lines>
            </method>
          </methods>
          <lines>
            <line number="7" hits="32" branch="False" />
            <line number="8" hits="14" branch="False" />
            <line number="19" hits="63" branch="False" />
            <line number="20" hits="2165" branch="False" />
            <line number="22" hits="27" branch="True" condition-coverage="100% (2/2)">
              <conditions>
                <condition number="27" type="jump" coverage="100%" />
              </conditions>
            </line>
            <line number="24" hits="0" branch="False" />
            <line number="25" hits="0" branch="False" />
            <line number="27" hits="8" branch="False" />
            <line number="30" hits="17" branch="False" />
            <line number="31" hits="17" branch="True" condition-coverage="50% (2/4)">
              <conditions>
                <condition number="2" type="jump" coverage="50%" />
                <condition number="26" type="jump" coverage="50%" />
              </conditions>
            </line>
            <line number="32" hits="0" branch="False" />
            <line number="34" hits="17" branch="False" />
            <line number="35" hits="17" branch="False" />
            <line number="36" hits="17" branch="False" />
            <line number="38" hits="0" branch="False" />
          </lines>
        </class>
        <class name="Splendor.Domain.Game" filename="Model\Game\Game.cs" line-rate="0" branch-rate="0" complexity="0">
          <methods>
            <method name="get_Deck" signature="()" line-rate="0" branch-rate="0">
              <lines>
                <line number="14" hits="0" branch="False" />
              </lines>
            </method>
            <method name="get_NobilityBox" signature="()" line-rate="0" branch-rate="0">
              <lines>
                <line number="15" hits="0" branch="False" />
              </lines>
            </method>
            <method name="get_Market" signature="()" line-rate="0" branch-rate="0">
              <lines>
                <line number="16" hits="0" branch="False" />
              </lines>
            </method>
            <method name="get_Log" signature="()" line-rate="0" branch-rate="0">
              <lines>
                <line number="17" hits="0" branch="False" />
              </lines>
            </method>
            <method name="get_Players" signature="()" line-rate="0" branch-rate="0">
              <lines>
                <line number="19" hits="0" branch="False" />
              </lines>
            </method>
[...]
            <line number="1010" hits="0" branch="False" />
            <line number="1017" hits="0" branch="False" />
            <line number="1018" hits="0" branch="False" />
            <line number="1019" hits="0" branch="False" />
            <line number="1020" hits="0" branch="False" />
            <line number="1027" hits="0" branch="False" />
            <line number="1028" hits="0" branch="False" />
            <line number="1029" hits="0" branch="False" />
            <line number="1030" hits="0" branch="False" />
            <line number="1037" hits="0" branch="False" />
            <line number="1038" hits="0" branch="False" />
            <line number="1039" hits="0" branch="False" />
            <line number="1040" hits="0" branch="False" />
            <line number="1047" hits="0" branch="False" />
            <line number="1048" hits="0" branch="False" />
            <line number="1049" hits="0" branch="False" />
            <line number="1050" hits="0" branch="False" />
            <line number="1057" hits="0" branch="False" />
            <line number="1058" hits="0" branch="False" />
            <line number="1059" hits="0" branch="False" />
            <line number="1060" hits="0" branch="False" />
            <line number="1067" hits="0" branch="False" />
            <line number="1068" hits="0" branch="False" />
            <line number="1069" hits="0" branch="False" />
            <line number="1070" hits="0" branch="False" />
            <line number="1077" hits="0" branch="False" />
            <line number="1078" hits="0" branch="False" />
            <line number="1079" hits="0" branch="False" />
            <line number="1080" hits="0" branch="False" />
            <line number="1087" hits="0" branch="False" />
            <line number="1088" hits="0" branch="False" />
            <line number="1089" hits="0" branch="False" />
            <line number="1090" hits="0" branch="False" />
            <line number="1097" hits="0" branch="False" />
            <line number="1098" hits="0" branch="False" />
            <line number="1099" hits="0" branch="False" />
            <line number="1100" hits="0" branch="False" />
            <line number="1107" hits="0" branch="False" />
            <line number="1108" hits="0" branch="False" />
            <line number="1109" hits="0" branch="False" />
            <line number="1110" hits="0" branch="False" />
            <line number="1117" hits="0" branch="False" />
            <line number="1118" hits="0" branch="False" />
            <line number="1119" hits="0" branch="False" />
            <line number="1120" hits="0" branch="False" />
            <line number="1127" hits="0" branch="False" />
            <line number="1128" hits="0" branch="False" />
            <line number="1129" hits="0" branch="False" />
            <line number="1130" hits="0" branch="False" />
            <line number="1137" hits="0" branch="False" />
            <line number="1138" hits="0" branch="False" />
            <line number="1139" hits="0" branch="False" />
            <line number="1140" hits="0" branch="False" />
            <line number="1147" hits="0" branch="False" />
            <line number="1148" hits="0" branch="False" />
            <line number="1149" hits="0" branch="False" />
            <line number="1150" hits="0" branch="False" />
            <line number="1157" hits="0" branch="False" />
            <line number="1158" hits="0" branch="False" />
            <line number="1159" hits="0" branch="False" />
            <line number="1160" hits="0" branch="False" />
            <line number="1167" hits="0" branch="False" />
            <line number="1168" hits="0" branch="False" />
            <line number="1169" hits="0" branch="False" />
            <line number="1170" hits="0" branch="False" />
            <line number="1177" hits="0" branch="False" />
            <line number="1178" hits="0" branch="False" />
            <line number="1179" hits="0" branch="False" />
            <line number="1180" hits="0" branch="False" />
            <line number="1187" hits="0" branch="False" />
            <line number="1188" hits="0" branch="False" />
            <line number="1189" hits="0" branch="False" />
            <line number="1190" hits="0" branch="False" />
            <line number="1197" hits="0" branch="False" />
            <line number="1198" hits="0" branch="False" />
            <line number="1199" hits="0" branch="False" />
            <line number="1200" hits="0" branch="False" />
            <line number="1207" hits="0" branch="False" />
            <line number="1208" hits="0" branch="False" />
            <line number="1209" hits="0" branch="False" />
            <line number="1210" hits="0" branch="False" />
            <line number="1217" hits="0" branch="False" />
            <line number="1218" hits="0" branch="False" />
            <line number="1219" hits="0" branch="False" />
            <line number="1220" hits="0" branch="False" />
            <line number="1227" hits="0" branch="False" />
            <line number="1228" hits="0" branch="False" />
            <line number="1229" hits="0" branch="False" />
            <line number="1230" hits="0" branch="False" />
            <line number="1237" hits="0" branch="False" />
            <line number="1238" hits="0" branch="False" />
            <line number="1239" hits="0" branch="False" />
            <line number="1240" hits="0" branch="False" />
            <line number="1247" hits="0" branch="False" />
            <line number="1248" hits="0" branch="False" />
            <line number="1249" hits="0" branch="False" />
            <line number="1250" hits="0" branch="False" />
            <line number="1257" hits="0" branch="False" />
            <line number="1258" hits="0" branch="False" />
            <line number="1259" hits="0" branch="False" />
            <line number="1260" hits="0" branch="False" />
            <line number="1267" hits="0" branch="False" />
            <line number="1268" hits="0" branch="False" />
            <line number="1269" hits="0" branch="False" />
            <line number="1270" hits="0" branch="False" />
            <line number="1277" hits="0" branch="False" />
            <line number="1278" hits="0" branch="False" />
            <line number="1279" hits="0" branch="False" />
            <line number="1280" hits="0" branch="False" />
            <line number="1287" hits="0" branch="False" />
            <line number="1288" hits="0" branch="False" />
            <line number="1289" hits="0" branch="False" />
            <line number="1290" hits="0" branch="False" />
            <line number="1297" hits="0" branch="False" />
            <line number="1298" hits="0" branch="False" />
            <line number="1299" hits="0" branch="False" />
            <line number="1300" hits="0" branch="False" />
            <line number="1307" hits="0" branch="False" />
            <line number="1308" hits="0" branch="False" />
            <line number="1309" hits="0" branch="False" />
            <line number="1310" hits="0" branch="False" />
            <line number="1317" hits="0" branch="False" />
            <line number="1318" hits="0" branch="False" />
            <line number="1319" hits="0" branch="False" />
            <line number="1320" hits="0" branch="False" />
            <line number="1327" hits="0" branch="False" />
            <line number="1328" hits="0" branch="False" />
            <line number="1329" hits="0" branch="False" />
            <line number="1330" hits="0" branch="False" />
            <line number="1337" hits="0" branch="False" />
            <line number="1338" hits="0" branch="False" />
            <line number="1339" hits="0" branch="False" />
            <line number="1340" hits="0" branch="False" />
            <line number="1347" hits="0" branch="False" />
            <line number="1348" hits="0" branch="False" />
            <line number="1349" hits="0" branch="False" />
            <line number="1350" hits="0" branch="False" />
            <line number="1357" hits="0" branch="False" />
            <line number="1358" hits="0" branch="False" />
            <line number="1359" hits="0" branch="False" />
            <line number="1360" hits="0" branch="False" />
            <line number="1367" hits="0" branch="False" />
            <line number="1368" hits="0" branch="False" />
            <line number="1369" hits="0" branch="False" />
            <line number="1370" hits="0" branch="False" />
            <line number="1377" hits="0" branch="False" />
            <line number="1378" hits="0" branch="False" />
            <line number="1379" hits="0" branch="False" />
            <line number="1380" hits="0" branch="False" />
            <line number="1387" hits="0" branch="False" />
            <line number="1388" hits="0" branch="False" />
            <line number="1389" hits="0" branch="False" />
            <line number="1390" hits="0" branch="False" />
            <line number="1397" hits="0" branch="False" />
            <line number="1398" hits="0" branch="False" />
            <line number="1399" hits="0" branch="False" />
            <line number="1400" hits="0" branch="False" />
            <line number="1407" hits="0" branch="False" />
            <line number="1408" hits="0" branch="False" />
            <line number="1409" hits="0" branch="False" />
            <line number="1410" hits="0" branch="False" />
            <line number="1417" hits="0" branch="False" />
            <line number="1418" hits="0" branch="False" />
            <line number="1419" hits="0" branch="False" />
            <line number="1420" hits="0" branch="False" />
            <line number="1427" hits="0" branch="False" />
            <line number="1428" hits="0" branch="False" />
            <line number="1429" hits="0" branch="False" />
            <line number="1430" hits="0" branch="False" />
            <line number="1437" hits="0" branch="False" />
            <line number="1438" hits="0" branch="False" />
            <line number="1439" hits="0" branch="False" />
            <line number="1440" hits="0" branch="False" />
            <line number="1447" hits="0" branch="False" />
            <line number="1448" hits="0" branch="False" />
            <line number="1449" hits="0" branch="False" />
            <line number="1450" hits="0" branch="False" />
            <line number="1457" hits="0" branch="False" />
            <line number="1458" hits="0" branch="False" />
            <line number="1459" hits="0" branch="False" />
            <line number="1460" hits="0" branch="False" />
            <line number="1467" hits="0" branch="False" />
            <line number="1468" hits="0" branch="False" />
            <line number="1469" hits="0" branch="False" />
            <line number="1470" hits="0" branch="False" />
            <line number="1477" hits="0" branch="False" />
            <line number="1478" hits="0" branch="False" />
            <line number="1479" hits="0" branch="False" />
            <line number="1480" hits="0" branch="False" />
            <line number="1487" hits="0" branch="False" />
            <line number="1488" hits="0" branch="False" />
            <line number="1489" hits="0" branch="False" />
            <line number="1490" hits="0" branch="False" />
            <line number="1497" hits="0" branch="False" />
            <line number="1498" hits="0" branch="False" />
            <line number="1499" hits="0" branch="False" />
            <line number="1500" hits="0" branch="False" />
            <line number="1507" hits="0" branch="False" />
            <line number="1508" hits="0" branch="False" />
            <line number="1509" hits="0" branch="False" />
            <line number="1510" hits="0" branch="False" />
            <line number="1517" hits="0" branch="False" />
            <line number="1518" hits="0" branch="False" />
            <line number="1519" hits="0" branch="False" />
            <line number="1520" hits="0" branch="False" />
            <line number="1527" hits="0" branch="False" />
            <line number="1528" hits="0" branch="False" />
            <line number="1529" hits="0" branch="False" />
            <line number="1530" hits="0" branch="False" />
            <line number="1537" hits="0" branch="False" />
            <line number="1538" hits="0" branch="False" />
            <line number="1539" hits="0" branch="False" />
            <line number="1540" hits="0" branch="False" />
            <line number="1547" hits="0" branch="False" />
            <line number="1548" hits="0" branch="False" />
            <line number="1549" hits="0" branch="False" />
            <line number="1550" hits="0" branch="False" />
            <line number="1557" hits="0" branch="False" />
            <line number="1558" hits="0" branch="False" />
            <line number="1559" hits="0" branch="False" />
            <line number="1560" hits="0" branch="False" />
            <line number="1567" hits="0" branch="False" />
            <line number="1568" hits="0" branch="False" />
            <line number="1569" hits="0" branch="False" />
            <line number="1570" hits="0" branch="False" />
            <line number="1577" hits="0" branch="False" />
            <line number="1578" hits="0" branch="False" />
            <line number="1579" hits="0" branch="False" />
            <line number="1580" hits="0" branch="False" />
            <line number="1587" hits="0" branch="False" />
            <line number="1588" hits="0" branch="False" />
            <line number="1589" hits="0" branch="False" />
            <line number="1590" hits="0" branch="False" />
            <line number="1597" hits="0" branch="False" />
            <line number="1598" hits="0" branch="False" />
            <line number="1599" hits="0" branch="False" />
            <line number="1600" hits="0" branch="False" />
            <line number="1607" hits="0" branch="False" />
            <line number="1608" hits="0" branch="False" />
            <line number="1609" hits="0" branch="False" />
            <line number="1610" hits="0" branch="False" />
            <line number="1617" hits="0" branch="False" />
            <line number="1618" hits="0" branch="False" />
            <line number="1619" hits="0" branch="False" />
            <line number="1620" hits="0" branch="False" />
            <line number="1627" hits="0" branch="False" />
            <line number="1628" hits="0" branch="False" />
            <line number="1629" hits="0" branch="False" />
            <line number="1630" hits="0" branch="False" />
            <line number="1637" hits="0" branch="False" />
            <line number="1638" hits="0" branch="False" />
            <line number="1639" hits="0" branch="False" />
            <line number="1640" hits="0" branch="False" />
            <line number="1647" hits="0" branch="False" />
            <line number="1648" hits="0" branch="False" />
            <line number="1649" hits="0" branch="False" />
            <line number="1650" hits="0" branch="False" />
            <line number="1657" hits="0" branch="False" />
            <line number="1658" hits="0" branch="False" />
            <line number="1659" hits="0" branch="False" />
            <line number="1660" hits="0" branch="False" />
            <line number="1667" hits="0" branch="False" />
            <line number="1668" hits="0" branch="False" />
            <line number="1669" hits="0" branch="False" />
            <line number="1670" hits="0" branch="False" />
            <line number="1677" hits="0" branch="False" />
            <line number="1678" hits="0" branch="False" />
            <line number="1679" hits="0" branch="False" />
            <line number="1680" hits="0" branch="False" />
            <line number="1687" hits="0" branch="False" />
            <line number="1688" hits="0" branch="False" />
            <line number="1689" hits="0" branch="False" />
            <line number="1690" hits="0" branch="False" />
            <line number="1697" hits="0" branch="False" />
            <line number="1698" hits="0" branch="False" />
            <line number="1699" hits="0" branch="False" />
            <line number="1700" hits="0" branch="False" />
            <line number="1707" hits="0" branch="False" />
            <line number="1708" hits="0" branch="False" />
            <line number="1709" hits="0" branch="False" />
            <line number="1710" hits="0" branch="False" />
            <line number="1717" hits="0" branch="False" />
            <line number="1718" hits="0" branch="False" />
            <line number="1719" hits="0" branch="False" />
            <line number="1720" hits="0" branch="False" />
            <line number="1727" hits="0" branch="False" />
            <line number="1728" hits="0" branch="False" />
            <line number="1729" hits="0" branch="False" />
            <line number="1730" hits="0" branch="False" />
            <line number="1737" hits="0" branch="False" />
            <line number="1738" hits="0" branch="False" />
            <line number="1739" hits="0" branch="False" />
            <line number="1740" hits="0" branch="False" />
            <line number="1747" hits="0" branch="False" />
            <line number="1748" hits="0" branch="False" />
            <line number="1749" hits="0" branch="False" />
            <line number="1750" hits="0" branch="False" />
            <line number="1757" hits="0" branch="False" />
            <line number="1758" hits="0" branch="False" />
            <line number="1759" hits="0" branch="False" />
            <line number="1760" hits="0" branch="False" />
            <line number="1767" hits="0" branch="False" />
            <line number="1768" hits="0" branch="False" />
            <line number="1769" hits="0" branch="False" />
            <line number="1770" hits="0" branch="False" />
            <line number="1777" hits="0" branch="False" />
            <line number="1778" hits="0" branch="False" />
            <line number="1779" hits="0" branch="False" />
            <line number="1780" hits="0" branch="False" />
            <line number="1787" hits="0" branch="False" />
            <line number="1788" hits="0" branch="False" />
            <line number="1789" hits="0" branch="False" />
            <line number="1790" hits="0" branch="False" />
            <line number="1797" hits="0" branch="False" />
            <line number="1798" hits="0" branch="False" />
            <line number="1799" hits="0" branch="False" />
            <line number="1800" hits="0" branch="False" />
            <line number="1807" hits="0" branch="False" />
            <line number="1808" hits="0" branch="False" />
            <line number="1809" hits="0" branch="False" />
            <line number="1810" hits="0" branch="False" />
            <line number="1817" hits="0" branch="False" />
            <line number="1818" hits="0" branch="False" />
            <line number="1819" hits="0" branch="False" />
            <line number="1820" hits="0" branch="False" />
            <line number="1827" hits="0" branch="False" />
            <line number="1828" hits="0" branch="False" />
            <line number="1829" hits="0" branch="False" />
            <line number="1830" hits="0" branch="False" />
            <line number="1837" hits="0" branch="False" />
            <line number="1838" hits="0" branch="False" />
            <line number="1839" hits="0" branch="False" />
            <line number="1840" hits="0" branch="False" />
            <line number="1847" hits="0" branch="False" />
            <line number="1848" hits="0" branch="False" />
            <line number="1849" hits="0" branch="False" />
            <line number="1850" hits="0" branch="False" />
          </lines>
        </class>
      </classes>
    </package>
  </packages>
</coverage>